<component name="libraryTable">
  <library name="junit-jupiter-5.4.0">
    <CLASSES />
    <JAVADOC />
    <SOURCES />
  </library>
</component>